  [4;36;1mSQL (0.3ms)[0m   [0;1mSET NAMES 'utf8'[0m
  [4;35;1mSQL (0.2ms)[0m   [0mSET SQL_AUTO_IS_NULL=0[0m


Processing HomesController#index (for 127.0.0.1 at 2010-11-05 18:01:45) [GET]
Rendering template within layouts/application
Rendering homes/index
Completed in 558ms (View: 546, DB: 0) | 200 OK [http://localhost/homes]
  [4;36;1mSQL (2.1ms)[0m   [0;1mSET NAMES 'utf8'[0m
  [4;35;1mSQL (6.8ms)[0m   [0mSET SQL_AUTO_IS_NULL=0[0m


Processing ApplicationController#index (for 127.0.0.1 at 2010-11-05 18:01:47) [GET]

ActionController::RoutingError (No route matches "/css/css.css" with {:method=>:get}):
  /usr/local/lib/site_ruby/1.8/mongrel.rb:159:in `process_client'
  /usr/local/lib/site_ruby/1.8/mongrel.rb:158:in `each'
  /usr/local/lib/site_ruby/1.8/mongrel.rb:158:in `process_client'
  /usr/local/lib/site_ruby/1.8/mongrel.rb:285:in `run'
  /usr/local/lib/site_ruby/1.8/mongrel.rb:285:in `initialize'
  /usr/local/lib/site_ruby/1.8/mongrel.rb:285:in `new'
  /usr/local/lib/site_ruby/1.8/mongrel.rb:285:in `run'
  /usr/local/lib/site_ruby/1.8/mongrel.rb:268:in `initialize'
  /usr/local/lib/site_ruby/1.8/mongrel.rb:268:in `new'
  /usr/local/lib/site_ruby/1.8/mongrel.rb:268:in `run'

Rendering rescues/layout (not_found)
  [4;36;1mSQL (0.3ms)[0m   [0;1mSET NAMES 'utf8'[0m
  [4;35;1mSQL (0.2ms)[0m   [0mSET SQL_AUTO_IS_NULL=0[0m


Processing ApplicationController#index (for 127.0.0.1 at 2010-11-05 18:01:47) [GET]

ActionController::RoutingError (No route matches "/css/css2.css" with {:method=>:get}):
  /usr/local/lib/site_ruby/1.8/mongrel.rb:159:in `process_client'
  /usr/local/lib/site_ruby/1.8/mongrel.rb:158:in `each'
  /usr/local/lib/site_ruby/1.8/mongrel.rb:158:in `process_client'
  /usr/local/lib/site_ruby/1.8/mongrel.rb:285:in `run'
  /usr/local/lib/site_ruby/1.8/mongrel.rb:285:in `initialize'
  /usr/local/lib/site_ruby/1.8/mongrel.rb:285:in `new'
  /usr/local/lib/site_ruby/1.8/mongrel.rb:285:in `run'
  /usr/local/lib/site_ruby/1.8/mongrel.rb:268:in `initialize'
  /usr/local/lib/site_ruby/1.8/mongrel.rb:268:in `new'
  /usr/local/lib/site_ruby/1.8/mongrel.rb:268:in `run'

Rendering rescues/layout (not_found)
  [4;36;1mSQL (1.5ms)[0m   [0;1mSET NAMES 'utf8'[0m
  [4;35;1mSQL (0.2ms)[0m   [0mSET SQL_AUTO_IS_NULL=0[0m


Processing ApplicationController#index (for 127.0.0.1 at 2010-11-05 18:01:47) [GET]

ActionController::RoutingError (No route matches "/js/jquery-1%5B1%5D.2.1.pack.js" with {:method=>:get}):
  /usr/local/lib/site_ruby/1.8/mongrel.rb:159:in `process_client'
  /usr/local/lib/site_ruby/1.8/mongrel.rb:158:in `each'
  /usr/local/lib/site_ruby/1.8/mongrel.rb:158:in `process_client'
  /usr/local/lib/site_ruby/1.8/mongrel.rb:285:in `run'
  /usr/local/lib/site_ruby/1.8/mongrel.rb:285:in `initialize'
  /usr/local/lib/site_ruby/1.8/mongrel.rb:285:in `new'
  /usr/local/lib/site_ruby/1.8/mongrel.rb:285:in `run'
  /usr/local/lib/site_ruby/1.8/mongrel.rb:268:in `initialize'
  /usr/local/lib/site_ruby/1.8/mongrel.rb:268:in `new'
  /usr/local/lib/site_ruby/1.8/mongrel.rb:268:in `run'

Rendering rescues/layout (not_found)
  [4;36;1mSQL (0.1ms)[0m   [0;1mSET NAMES 'utf8'[0m
  [4;35;1mSQL (0.1ms)[0m   [0mSET SQL_AUTO_IS_NULL=0[0m


Processing ApplicationController#index (for 127.0.0.1 at 2010-11-05 18:01:47) [GET]

ActionController::RoutingError (No route matches "/js/muen.js" with {:method=>:get}):
  /usr/local/lib/site_ruby/1.8/mongrel.rb:159:in `process_client'
  /usr/local/lib/site_ruby/1.8/mongrel.rb:158:in `each'
  /usr/local/lib/site_ruby/1.8/mongrel.rb:158:in `process_client'
  /usr/local/lib/site_ruby/1.8/mongrel.rb:285:in `run'
  /usr/local/lib/site_ruby/1.8/mongrel.rb:285:in `initialize'
  /usr/local/lib/site_ruby/1.8/mongrel.rb:285:in `new'
  /usr/local/lib/site_ruby/1.8/mongrel.rb:285:in `run'
  /usr/local/lib/site_ruby/1.8/mongrel.rb:268:in `initialize'
  /usr/local/lib/site_ruby/1.8/mongrel.rb:268:in `new'
  /usr/local/lib/site_ruby/1.8/mongrel.rb:268:in `run'

Rendering rescues/layout (not_found)
  [4;36;1mSQL (0.1ms)[0m   [0;1mSET NAMES 'utf8'[0m
  [4;35;1mSQL (0.1ms)[0m   [0mSET SQL_AUTO_IS_NULL=0[0m


Processing ApplicationController#index (for 127.0.0.1 at 2010-11-05 18:01:47) [GET]

ActionController::RoutingError (No route matches "/css/css.css" with {:method=>:get}):
  /usr/local/lib/site_ruby/1.8/mongrel.rb:159:in `process_client'
  /usr/local/lib/site_ruby/1.8/mongrel.rb:158:in `each'
  /usr/local/lib/site_ruby/1.8/mongrel.rb:158:in `process_client'
  /usr/local/lib/site_ruby/1.8/mongrel.rb:285:in `run'
  /usr/local/lib/site_ruby/1.8/mongrel.rb:285:in `initialize'
  /usr/local/lib/site_ruby/1.8/mongrel.rb:285:in `new'
  /usr/local/lib/site_ruby/1.8/mongrel.rb:285:in `run'
  /usr/local/lib/site_ruby/1.8/mongrel.rb:268:in `initialize'
  /usr/local/lib/site_ruby/1.8/mongrel.rb:268:in `new'
  /usr/local/lib/site_ruby/1.8/mongrel.rb:268:in `run'

Rendering rescues/layout (not_found)
  [4;36;1mSQL (0.1ms)[0m   [0;1mSET NAMES 'utf8'[0m
  [4;35;1mSQL (0.1ms)[0m   [0mSET SQL_AUTO_IS_NULL=0[0m


Processing ApplicationController#index (for 127.0.0.1 at 2010-11-05 18:01:48) [GET]

ActionController::RoutingError (No route matches "/js/muen.js" with {:method=>:get}):
  /usr/local/lib/site_ruby/1.8/mongrel.rb:159:in `process_client'
  /usr/local/lib/site_ruby/1.8/mongrel.rb:158:in `each'
  /usr/local/lib/site_ruby/1.8/mongrel.rb:158:in `process_client'
  /usr/local/lib/site_ruby/1.8/mongrel.rb:285:in `run'
  /usr/local/lib/site_ruby/1.8/mongrel.rb:285:in `initialize'
  /usr/local/lib/site_ruby/1.8/mongrel.rb:285:in `new'
  /usr/local/lib/site_ruby/1.8/mongrel.rb:285:in `run'
  /usr/local/lib/site_ruby/1.8/mongrel.rb:268:in `initialize'
  /usr/local/lib/site_ruby/1.8/mongrel.rb:268:in `new'
  /usr/local/lib/site_ruby/1.8/mongrel.rb:268:in `run'

Rendering rescues/layout (not_found)
  [4;36;1mSQL (0.1ms)[0m   [0;1mSET NAMES 'utf8'[0m
  [4;35;1mSQL (0.1ms)[0m   [0mSET SQL_AUTO_IS_NULL=0[0m


Processing ApplicationController#index (for 127.0.0.1 at 2010-11-05 18:01:48) [GET]

ActionController::RoutingError (No route matches "/stylesheets/images/loadsmall.gif" with {:method=>:get}):
  /usr/local/lib/site_ruby/1.8/mongrel.rb:159:in `process_client'
  /usr/local/lib/site_ruby/1.8/mongrel.rb:158:in `each'
  /usr/local/lib/site_ruby/1.8/mongrel.rb:158:in `process_client'
  /usr/local/lib/site_ruby/1.8/mongrel.rb:285:in `run'
  /usr/local/lib/site_ruby/1.8/mongrel.rb:285:in `initialize'
  /usr/local/lib/site_ruby/1.8/mongrel.rb:285:in `new'
  /usr/local/lib/site_ruby/1.8/mongrel.rb:285:in `run'
  /usr/local/lib/site_ruby/1.8/mongrel.rb:268:in `initialize'
  /usr/local/lib/site_ruby/1.8/mongrel.rb:268:in `new'
  /usr/local/lib/site_ruby/1.8/mongrel.rb:268:in `run'

Rendering rescues/layout (not_found)
  [4;36;1mSQL (0.3ms)[0m   [0;1mSET NAMES 'utf8'[0m
  [4;35;1mSQL (0.2ms)[0m   [0mSET SQL_AUTO_IS_NULL=0[0m


Processing HomesController#index (for 127.0.0.1 at 2010-11-05 18:04:07) [GET]
Rendering template within layouts/application
Rendering homes/index
Completed in 86ms (View: 74, DB: 0) | 200 OK [http://localhost/homes]
  [4;36;1mSQL (0.2ms)[0m   [0;1mSET NAMES 'utf8'[0m
  [4;35;1mSQL (0.1ms)[0m   [0mSET SQL_AUTO_IS_NULL=0[0m


Processing ApplicationController#index (for 127.0.0.1 at 2010-11-05 18:04:08) [GET]

ActionController::RoutingError (No route matches "/stylesheets/images/loadsmall.gif" with {:method=>:get}):
  /usr/local/lib/site_ruby/1.8/mongrel.rb:159:in `process_client'
  /usr/local/lib/site_ruby/1.8/mongrel.rb:158:in `each'
  /usr/local/lib/site_ruby/1.8/mongrel.rb:158:in `process_client'
  /usr/local/lib/site_ruby/1.8/mongrel.rb:285:in `run'
  /usr/local/lib/site_ruby/1.8/mongrel.rb:285:in `initialize'
  /usr/local/lib/site_ruby/1.8/mongrel.rb:285:in `new'
  /usr/local/lib/site_ruby/1.8/mongrel.rb:285:in `run'
  /usr/local/lib/site_ruby/1.8/mongrel.rb:268:in `initialize'
  /usr/local/lib/site_ruby/1.8/mongrel.rb:268:in `new'
  /usr/local/lib/site_ruby/1.8/mongrel.rb:268:in `run'

Rendering rescues/layout (not_found)
  [4;36;1mSQL (0.2ms)[0m   [0;1mSET NAMES 'utf8'[0m
  [4;35;1mSQL (0.1ms)[0m   [0mSET SQL_AUTO_IS_NULL=0[0m


Processing HomesController#index (for 127.0.0.1 at 2010-11-05 18:04:33) [GET]
Rendering template within layouts/application
Rendering homes/index
Completed in 18ms (View: 15, DB: 0) | 200 OK [http://localhost/homes]
  [4;36;1mSQL (0.1ms)[0m   [0;1mSET NAMES 'utf8'[0m
  [4;35;1mSQL (0.1ms)[0m   [0mSET SQL_AUTO_IS_NULL=0[0m


Processing ApplicationController#index (for 127.0.0.1 at 2010-11-05 18:04:34) [GET]

ActionController::RoutingError (No route matches "/stylesheets/images/loadsmall.gif" with {:method=>:get}):
  /usr/local/lib/site_ruby/1.8/mongrel.rb:159:in `process_client'
  /usr/local/lib/site_ruby/1.8/mongrel.rb:158:in `each'
  /usr/local/lib/site_ruby/1.8/mongrel.rb:158:in `process_client'
  /usr/local/lib/site_ruby/1.8/mongrel.rb:285:in `run'
  /usr/local/lib/site_ruby/1.8/mongrel.rb:285:in `initialize'
  /usr/local/lib/site_ruby/1.8/mongrel.rb:285:in `new'
  /usr/local/lib/site_ruby/1.8/mongrel.rb:285:in `run'
  /usr/local/lib/site_ruby/1.8/mongrel.rb:268:in `initialize'
  /usr/local/lib/site_ruby/1.8/mongrel.rb:268:in `new'
  /usr/local/lib/site_ruby/1.8/mongrel.rb:268:in `run'

Rendering rescues/layout (not_found)
  [4;36;1mSQL (0.1ms)[0m   [0;1mSET NAMES 'utf8'[0m
  [4;35;1mSQL (1.2ms)[0m   [0mSET SQL_AUTO_IS_NULL=0[0m


Processing HomesController#index (for 127.0.0.1 at 2010-11-05 18:04:35) [GET]
Rendering template within layouts/application
Rendering homes/index
Completed in 9ms (View: 6, DB: 1) | 200 OK [http://localhost/homes]
  [4;36;1mSQL (0.1ms)[0m   [0;1mSET NAMES 'utf8'[0m
  [4;35;1mSQL (0.1ms)[0m   [0mSET SQL_AUTO_IS_NULL=0[0m


Processing ApplicationController#index (for 127.0.0.1 at 2010-11-05 18:04:36) [GET]

ActionController::RoutingError (No route matches "/stylesheets/images/loadsmall.gif" with {:method=>:get}):
  /usr/local/lib/site_ruby/1.8/mongrel.rb:159:in `process_client'
  /usr/local/lib/site_ruby/1.8/mongrel.rb:158:in `each'
  /usr/local/lib/site_ruby/1.8/mongrel.rb:158:in `process_client'
  /usr/local/lib/site_ruby/1.8/mongrel.rb:285:in `run'
  /usr/local/lib/site_ruby/1.8/mongrel.rb:285:in `initialize'
  /usr/local/lib/site_ruby/1.8/mongrel.rb:285:in `new'
  /usr/local/lib/site_ruby/1.8/mongrel.rb:285:in `run'
  /usr/local/lib/site_ruby/1.8/mongrel.rb:268:in `initialize'
  /usr/local/lib/site_ruby/1.8/mongrel.rb:268:in `new'
  /usr/local/lib/site_ruby/1.8/mongrel.rb:268:in `run'

Rendering rescues/layout (not_found)
  [4;36;1mSQL (2.5ms)[0m   [0;1mSET NAMES 'utf8'[0m
  [4;35;1mSQL (0.2ms)[0m   [0mSET SQL_AUTO_IS_NULL=0[0m


Processing HomesController#index (for 127.0.0.1 at 2010-11-05 18:04:38) [GET]
Rendering template within layouts/application
Rendering homes/index
Completed in 44ms (View: 38, DB: 3) | 200 OK [http://localhost/homes]
  [4;36;1mSQL (0.2ms)[0m   [0;1mSET NAMES 'utf8'[0m
  [4;35;1mSQL (0.3ms)[0m   [0mSET SQL_AUTO_IS_NULL=0[0m


Processing ApplicationController#index (for 127.0.0.1 at 2010-11-05 18:04:39) [GET]

ActionController::RoutingError (No route matches "/stylesheets/images/loadsmall.gif" with {:method=>:get}):
  /usr/local/lib/site_ruby/1.8/mongrel.rb:159:in `process_client'
  /usr/local/lib/site_ruby/1.8/mongrel.rb:158:in `each'
  /usr/local/lib/site_ruby/1.8/mongrel.rb:158:in `process_client'
  /usr/local/lib/site_ruby/1.8/mongrel.rb:285:in `run'
  /usr/local/lib/site_ruby/1.8/mongrel.rb:285:in `initialize'
  /usr/local/lib/site_ruby/1.8/mongrel.rb:285:in `new'
  /usr/local/lib/site_ruby/1.8/mongrel.rb:285:in `run'
  /usr/local/lib/site_ruby/1.8/mongrel.rb:268:in `initialize'
  /usr/local/lib/site_ruby/1.8/mongrel.rb:268:in `new'
  /usr/local/lib/site_ruby/1.8/mongrel.rb:268:in `run'

Rendering rescues/layout (not_found)
  [4;36;1mSQL (0.2ms)[0m   [0;1mSET NAMES 'utf8'[0m
  [4;35;1mSQL (0.1ms)[0m   [0mSET SQL_AUTO_IS_NULL=0[0m


Processing HomesController#index (for 127.0.0.1 at 2010-11-05 18:09:20) [GET]
Rendering template within layouts/application
Rendering homes/index
Completed in 15ms (View: 10, DB: 0) | 200 OK [http://localhost/]
  [4;36;1mSQL (0.2ms)[0m   [0;1mSET NAMES 'utf8'[0m
  [4;35;1mSQL (0.1ms)[0m   [0mSET SQL_AUTO_IS_NULL=0[0m


Processing ApplicationController#index (for 127.0.0.1 at 2010-11-05 18:09:21) [GET]

ActionController::RoutingError (No route matches "/stylesheets/images/loadsmall.gif" with {:method=>:get}):
  /usr/local/lib/site_ruby/1.8/mongrel.rb:159:in `process_client'
  /usr/local/lib/site_ruby/1.8/mongrel.rb:158:in `each'
  /usr/local/lib/site_ruby/1.8/mongrel.rb:158:in `process_client'
  /usr/local/lib/site_ruby/1.8/mongrel.rb:285:in `run'
  /usr/local/lib/site_ruby/1.8/mongrel.rb:285:in `initialize'
  /usr/local/lib/site_ruby/1.8/mongrel.rb:285:in `new'
  /usr/local/lib/site_ruby/1.8/mongrel.rb:285:in `run'
  /usr/local/lib/site_ruby/1.8/mongrel.rb:268:in `initialize'
  /usr/local/lib/site_ruby/1.8/mongrel.rb:268:in `new'
  /usr/local/lib/site_ruby/1.8/mongrel.rb:268:in `run'

Rendering rescues/layout (not_found)
<<<<<<< HEAD:log/development.log
/!\ FAILSAFE /!\  Fri Nov 05 18:15:32 +0800 2010
  Status: 500 Internal Server Error
  Unknown database 'webSite_development'
    /usr/lib/ruby/gems/1.8/gems/activerecord-2.3.5/lib/active_record/connection_adapters/mysql_adapter.rb:589:in `real_connect'
    /usr/lib/ruby/gems/1.8/gems/activerecord-2.3.5/lib/active_record/connection_adapters/mysql_adapter.rb:589:in `connect'
    /usr/lib/ruby/gems/1.8/gems/activerecord-2.3.5/lib/active_record/connection_adapters/mysql_adapter.rb:203:in `initialize'
    /usr/lib/ruby/gems/1.8/gems/activerecord-2.3.5/lib/active_record/connection_adapters/mysql_adapter.rb:75:in `new'
    /usr/lib/ruby/gems/1.8/gems/activerecord-2.3.5/lib/active_record/connection_adapters/mysql_adapter.rb:75:in `mysql_connection'
    /usr/lib/ruby/gems/1.8/gems/activerecord-2.3.5/lib/active_record/connection_adapters/abstract/connection_pool.rb:223:in `send'
    /usr/lib/ruby/gems/1.8/gems/activerecord-2.3.5/lib/active_record/connection_adapters/abstract/connection_pool.rb:223:in `new_connection'
    /usr/lib/ruby/gems/1.8/gems/activerecord-2.3.5/lib/active_record/connection_adapters/abstract/connection_pool.rb:245:in `checkout_new_connection'
    /usr/lib/ruby/gems/1.8/gems/activerecord-2.3.5/lib/active_record/connection_adapters/abstract/connection_pool.rb:188:in `checkout'
    /usr/lib/ruby/gems/1.8/gems/activerecord-2.3.5/lib/active_record/connection_adapters/abstract/connection_pool.rb:184:in `loop'
    /usr/lib/ruby/gems/1.8/gems/activerecord-2.3.5/lib/active_record/connection_adapters/abstract/connection_pool.rb:184:in `checkout'
    /usr/lib/ruby/1.8/monitor.rb:242:in `synchronize'
    /usr/lib/ruby/gems/1.8/gems/activerecord-2.3.5/lib/active_record/connection_adapters/abstract/connection_pool.rb:183:in `checkout'
    /usr/lib/ruby/gems/1.8/gems/activerecord-2.3.5/lib/active_record/connection_adapters/abstract/connection_pool.rb:98:in `connection'
    /usr/lib/ruby/gems/1.8/gems/activerecord-2.3.5/lib/active_record/connection_adapters/abstract/connection_pool.rb:326:in `retrieve_connection'
    /usr/lib/ruby/gems/1.8/gems/activerecord-2.3.5/lib/active_record/connection_adapters/abstract/connection_specification.rb:123:in `retrieve_connection'
    /usr/lib/ruby/gems/1.8/gems/activerecord-2.3.5/lib/active_record/connection_adapters/abstract/connection_specification.rb:115:in `connection'
    /usr/lib/ruby/gems/1.8/gems/activerecord-2.3.5/lib/active_record/query_cache.rb:9:in `cache'
    /usr/lib/ruby/gems/1.8/gems/activerecord-2.3.5/lib/active_record/query_cache.rb:28:in `call'
    /usr/lib/ruby/gems/1.8/gems/activerecord-2.3.5/lib/active_record/connection_adapters/abstract/connection_pool.rb:361:in `call'
    /usr/lib/ruby/gems/1.8/gems/actionpack-2.3.5/lib/action_controller/string_coercion.rb:25:in `call'
    /usr/lib/ruby/gems/1.8/gems/rack-1.0.1/lib/rack/head.rb:9:in `call'
    /usr/lib/ruby/gems/1.8/gems/rack-1.0.1/lib/rack/methodoverride.rb:24:in `call'
    /usr/lib/ruby/gems/1.8/gems/actionpack-2.3.5/lib/action_controller/params_parser.rb:15:in `call'
    /usr/lib/ruby/gems/1.8/gems/actionpack-2.3.5/lib/action_controller/session/cookie_store.rb:93:in `call'
    /usr/lib/ruby/gems/1.8/gems/actionpack-2.3.5/lib/action_controller/failsafe.rb:26:in `call'
    /usr/lib/ruby/gems/1.8/gems/rack-1.0.1/lib/rack/lock.rb:11:in `call'
    /usr/lib/ruby/gems/1.8/gems/rack-1.0.1/lib/rack/lock.rb:11:in `synchronize'
    /usr/lib/ruby/gems/1.8/gems/rack-1.0.1/lib/rack/lock.rb:11:in `call'
    /usr/lib/ruby/gems/1.8/gems/actionpack-2.3.5/lib/action_controller/dispatcher.rb:114:in `call'
    /usr/lib/ruby/gems/1.8/gems/actionpack-2.3.5/lib/action_controller/reloader.rb:34:in `run'
    /usr/lib/ruby/gems/1.8/gems/actionpack-2.3.5/lib/action_controller/dispatcher.rb:108:in `call'
    /usr/lib/ruby/gems/1.8/gems/rails-2.3.5/lib/rails/rack/static.rb:31:in `call'
    /usr/lib/ruby/gems/1.8/gems/rack-1.0.1/lib/rack/urlmap.rb:46:in `call'
    /usr/lib/ruby/gems/1.8/gems/rack-1.0.1/lib/rack/urlmap.rb:40:in `each'
    /usr/lib/ruby/gems/1.8/gems/rack-1.0.1/lib/rack/urlmap.rb:40:in `call'
    /usr/lib/ruby/gems/1.8/gems/rails-2.3.5/lib/rails/rack/log_tailer.rb:17:in `call'
    /usr/lib/ruby/gems/1.8/gems/rack-1.0.1/lib/rack/content_length.rb:13:in `call'
    /usr/lib/ruby/gems/1.8/gems/rack-1.0.1/lib/rack/chunked.rb:15:in `call'
    /usr/lib/ruby/gems/1.8/gems/rack-1.0.1/lib/rack/handler/mongrel.rb:64:in `process'
    /home/bomdvan/.gem/ruby/1.8/gems/mongrel-1.1.5/lib/mongrel.rb:159:in `process_client'
    /home/bomdvan/.gem/ruby/1.8/gems/mongrel-1.1.5/lib/mongrel.rb:158:in `each'
    /home/bomdvan/.gem/ruby/1.8/gems/mongrel-1.1.5/lib/mongrel.rb:158:in `process_client'
    /home/bomdvan/.gem/ruby/1.8/gems/mongrel-1.1.5/lib/mongrel.rb:285:in `run'
    /home/bomdvan/.gem/ruby/1.8/gems/mongrel-1.1.5/lib/mongrel.rb:285:in `initialize'
    /home/bomdvan/.gem/ruby/1.8/gems/mongrel-1.1.5/lib/mongrel.rb:285:in `new'
    /home/bomdvan/.gem/ruby/1.8/gems/mongrel-1.1.5/lib/mongrel.rb:285:in `run'
    /home/bomdvan/.gem/ruby/1.8/gems/mongrel-1.1.5/lib/mongrel.rb:268:in `initialize'
    /home/bomdvan/.gem/ruby/1.8/gems/mongrel-1.1.5/lib/mongrel.rb:268:in `new'
    /home/bomdvan/.gem/ruby/1.8/gems/mongrel-1.1.5/lib/mongrel.rb:268:in `run'
    /usr/lib/ruby/gems/1.8/gems/rack-1.0.1/lib/rack/handler/mongrel.rb:34:in `run'
    /usr/lib/ruby/gems/1.8/gems/rails-2.3.5/lib/commands/server.rb:111
    /usr/local/lib/site_ruby/1.8/rubygems/custom_require.rb:31:in `gem_original_require'
    /usr/local/lib/site_ruby/1.8/rubygems/custom_require.rb:31:in `require'
    script/server:3
=======
>>>>>>> 修改菜单:log/development.log
  [4;36;1mSQL (0.2ms)[0m   [0;1mSET NAMES 'utf8'[0m
  [4;35;1mSQL (0.1ms)[0m   [0mSET SQL_AUTO_IS_NULL=0[0m


<<<<<<< HEAD:log/development.log
Processing HomesController#index (for 127.0.0.1 at 2010-11-05 18:15:53) [GET]
Rendering template within layouts/application
Rendering homes/index
Completed in 147ms (View: 143, DB: 0) | 200 OK [http://localhost/]
  [4;36;1mSQL (0.1ms)[0m   [0;1mSET NAMES 'utf8'[0m
  [4;35;1mSQL (0.1ms)[0m   [0mSET SQL_AUTO_IS_NULL=0[0m


Processing ApplicationController#index (for 127.0.0.1 at 2010-11-05 18:15:54) [GET]

ActionController::RoutingError (No route matches "/stylesheets/images/loadsmall.gif" with {:method=>:get}):
  

Rendering rescues/layout (not_found)
  [4;36;1mSQL (0.1ms)[0m   [0;1mSET NAMES 'utf8'[0m
  [4;35;1mSQL (0.1ms)[0m   [0mSET SQL_AUTO_IS_NULL=0[0m


Processing ApplicationController#index (for 127.0.0.1 at 2010-11-05 18:17:51) [GET]

ActionController::RoutingError (No route matches "/lvshijieshao.html" with {:method=>:get}):
  

Rendering rescues/layout (not_found)
  [4;36;1mSQL (0.1ms)[0m   [0;1mSET NAMES 'utf8'[0m
  [4;35;1mSQL (0.1ms)[0m   [0mSET SQL_AUTO_IS_NULL=0[0m


Processing HomesController#index (for 127.0.0.1 at 2010-11-05 19:38:16) [GET]
Rendering template within layouts/application
Rendering homes/index
Completed in 78ms (View: 76, DB: 0) | 200 OK [http://localhost/]
  [4;36;1mSQL (0.1ms)[0m   [0;1mSET NAMES 'utf8'[0m
  [4;35;1mSQL (0.1ms)[0m   [0mSET SQL_AUTO_IS_NULL=0[0m


Processing ApplicationController#index (for 127.0.0.1 at 2010-11-05 19:38:16) [GET]

ActionController::RoutingError (No route matches "/stylesheets/images/loadsmall.gif" with {:method=>:get}):
  

Rendering rescues/layout (not_found)
  [4;36;1mSQL (0.1ms)[0m   [0;1mSET NAMES 'utf8'[0m
  [4;35;1mSQL (0.1ms)[0m   [0mSET SQL_AUTO_IS_NULL=0[0m


Processing HomesController#index (for 127.0.0.1 at 2010-11-05 19:42:02) [GET]
Rendering template within layouts/application
Rendering homes/index
Completed in 12ms (View: 10, DB: 0) | 200 OK [http://localhost/]
  [4;36;1mSQL (0.1ms)[0m   [0;1mSET NAMES 'utf8'[0m
  [4;35;1mSQL (0.1ms)[0m   [0mSET SQL_AUTO_IS_NULL=0[0m


Processing ApplicationController#index (for 127.0.0.1 at 2010-11-05 19:42:02) [GET]

ActionController::RoutingError (No route matches "/stylesheets/images/loadsmall.gif" with {:method=>:get}):
  

Rendering rescues/layout (not_found)
  [4;36;1mSQL (0.1ms)[0m   [0;1mSET NAMES 'utf8'[0m
  [4;35;1mSQL (0.2ms)[0m   [0mSET SQL_AUTO_IS_NULL=0[0m


Processing HomesController#index (for 127.0.0.1 at 2010-11-05 19:42:43) [GET]
Rendering template within layouts/application
Rendering homes/index
Completed in 12ms (View: 10, DB: 0) | 200 OK [http://localhost/]
  [4;36;1mSQL (0.1ms)[0m   [0;1mSET NAMES 'utf8'[0m
  [4;35;1mSQL (0.1ms)[0m   [0mSET SQL_AUTO_IS_NULL=0[0m


Processing ApplicationController#index (for 127.0.0.1 at 2010-11-05 19:42:43) [GET]

ActionController::RoutingError (No route matches "/stylesheets/images/loadsmall.gif" with {:method=>:get}):
  

Rendering rescues/layout (not_found)
  [4;36;1mSQL (0.1ms)[0m   [0;1mSET NAMES 'utf8'[0m
  [4;35;1mSQL (0.1ms)[0m   [0mSET SQL_AUTO_IS_NULL=0[0m


Processing HomesController#index (for 127.0.0.1 at 2010-11-05 19:42:45) [GET]
Rendering template within layouts/application
Rendering homes/index
Completed in 5ms (View: 2, DB: 0) | 200 OK [http://localhost/]
  [4;36;1mSQL (0.1ms)[0m   [0;1mSET NAMES 'utf8'[0m
  [4;35;1mSQL (0.1ms)[0m   [0mSET SQL_AUTO_IS_NULL=0[0m


Processing ApplicationController#index (for 127.0.0.1 at 2010-11-05 19:42:45) [GET]

ActionController::RoutingError (No route matches "/stylesheets/images/loadsmall.gif" with {:method=>:get}):
  

Rendering rescues/layout (not_found)
  [4;36;1mSQL (0.1ms)[0m   [0;1mSET NAMES 'utf8'[0m
  [4;35;1mSQL (0.2ms)[0m   [0mSET SQL_AUTO_IS_NULL=0[0m


Processing HomesController#index (for 127.0.0.1 at 2010-11-05 19:42:56) [GET]
Rendering template within layouts/application
Rendering homes/index
Completed in 12ms (View: 10, DB: 0) | 200 OK [http://localhost/]
  [4;36;1mSQL (0.1ms)[0m   [0;1mSET NAMES 'utf8'[0m
  [4;35;1mSQL (0.2ms)[0m   [0mSET SQL_AUTO_IS_NULL=0[0m


Processing ApplicationController#index (for 127.0.0.1 at 2010-11-05 19:42:56) [GET]

ActionController::RoutingError (No route matches "/stylesheets/images/loadsmall.gif" with {:method=>:get}):
  

Rendering rescues/layout (not_found)
  [4;36;1mSQL (0.1ms)[0m   [0;1mSET NAMES 'utf8'[0m
  [4;35;1mSQL (0.1ms)[0m   [0mSET SQL_AUTO_IS_NULL=0[0m


Processing HomesController#index (for 127.0.0.1 at 2010-11-05 19:43:39) [GET]
Rendering template within layouts/application
Rendering homes/index
Completed in 12ms (View: 10, DB: 0) | 200 OK [http://localhost/]
  [4;36;1mSQL (0.1ms)[0m   [0;1mSET NAMES 'utf8'[0m
  [4;35;1mSQL (0.1ms)[0m   [0mSET SQL_AUTO_IS_NULL=0[0m


Processing ApplicationController#index (for 127.0.0.1 at 2010-11-05 19:43:39) [GET]

ActionController::RoutingError (No route matches "/stylesheets/images/loadsmall.gif" with {:method=>:get}):
  

Rendering rescues/layout (not_found)
  [4;36;1mSQL (0.1ms)[0m   [0;1mSET NAMES 'utf8'[0m
  [4;35;1mSQL (0.1ms)[0m   [0mSET SQL_AUTO_IS_NULL=0[0m


Processing HomesController#index (for 127.0.0.1 at 2010-11-05 19:43:55) [GET]
Rendering template within layouts/application
Rendering homes/index
Completed in 12ms (View: 9, DB: 0) | 200 OK [http://localhost/]
=======
Processing HomesController#index (for 127.0.0.1 at 2010-11-05 18:12:00) [GET]
Rendering template within layouts/application
Rendering homes/index
Completed in 18ms (View: 5, DB: 0) | 200 OK [http://localhost/homes]
  [4;36;1mSQL (0.2ms)[0m   [0;1mSET NAMES 'utf8'[0m
  [4;35;1mSQL (0.1ms)[0m   [0mSET SQL_AUTO_IS_NULL=0[0m


Processing ApplicationController#index (for 127.0.0.1 at 2010-11-05 18:12:00) [GET]

ActionController::RoutingError (No route matches "/stylesheets/images/loadsmall.gif" with {:method=>:get}):
  /usr/local/lib/site_ruby/1.8/mongrel.rb:159:in `process_client'
  /usr/local/lib/site_ruby/1.8/mongrel.rb:158:in `each'
  /usr/local/lib/site_ruby/1.8/mongrel.rb:158:in `process_client'
  /usr/local/lib/site_ruby/1.8/mongrel.rb:285:in `run'
  /usr/local/lib/site_ruby/1.8/mongrel.rb:285:in `initialize'
  /usr/local/lib/site_ruby/1.8/mongrel.rb:285:in `new'
  /usr/local/lib/site_ruby/1.8/mongrel.rb:285:in `run'
  /usr/local/lib/site_ruby/1.8/mongrel.rb:268:in `initialize'
  /usr/local/lib/site_ruby/1.8/mongrel.rb:268:in `new'
  /usr/local/lib/site_ruby/1.8/mongrel.rb:268:in `run'

Rendering rescues/layout (not_found)
  [4;36;1mSQL (0.4ms)[0m   [0;1mSET NAMES 'utf8'[0m
  [4;35;1mSQL (0.1ms)[0m   [0mSET SQL_AUTO_IS_NULL=0[0m


Processing HomesController#index (for 127.0.0.1 at 2010-11-05 21:02:25) [GET]
Rendering template within layouts/application
Rendering homes/index
Completed in 431ms (View: 423, DB: 1) | 200 OK [http://localhost/homes]
>>>>>>> 修改菜单:log/development.log
  [4;36;1mSQL (0.1ms)[0m   [0;1mSET NAMES 'utf8'[0m
  [4;35;1mSQL (0.2ms)[0m   [0mSET SQL_AUTO_IS_NULL=0[0m


Processing ApplicationController#index (for 127.0.0.1 at 2010-11-05 19:43:55) [GET]

ActionController::RoutingError (No route matches "/stylesheets/images/loadsmall.gif" with {:method=>:get}):
  
Processing ApplicationController#index (for 127.0.0.1 at 2010-11-05 21:02:26) [GET]

ActionController::RoutingError (No route matches "/stylesheets/images/loadsmall.gif" with {:method=>:get}):
  /usr/local/lib/site_ruby/1.8/mongrel.rb:159:in `process_client'
  /usr/local/lib/site_ruby/1.8/mongrel.rb:158:in `each'
  /usr/local/lib/site_ruby/1.8/mongrel.rb:158:in `process_client'
  /usr/local/lib/site_ruby/1.8/mongrel.rb:285:in `run'
  /usr/local/lib/site_ruby/1.8/mongrel.rb:285:in `initialize'
  /usr/local/lib/site_ruby/1.8/mongrel.rb:285:in `new'
  /usr/local/lib/site_ruby/1.8/mongrel.rb:285:in `run'
  /usr/local/lib/site_ruby/1.8/mongrel.rb:268:in `initialize'
  /usr/local/lib/site_ruby/1.8/mongrel.rb:268:in `new'
  /usr/local/lib/site_ruby/1.8/mongrel.rb:268:in `run'

Rendering rescues/layout (not_found)
